# JRE version: Java(TM) SE Runtime Environment (8.0_20-b26) (build 1.8.0_20-b26)
# Java VM: Java HotSpot(TM) 64-Bit Server VM (25.20-b23 mixed mode windows-amd64 compressed oops)
Heap:
 PSYoungGen      total 220160K, used 131638K [0x00000000eab00000, 0x00000000f9e00000, 0x0000000100000000)
  eden space 191488K, 53% used [0x00000000eab00000,0x00000000f0f95b48,0x00000000f6600000)
  from space 28672K, 99% used [0x00000000f8200000,0x00000000f9df8010,0x00000000f9e00000)
  to   space 28672K, 0% used [0x00000000f6600000,0x00000000f6600000,0x00000000f8200000)
 ParOldGen       total 125952K, used 79154K [0x00000000c0000000, 0x00000000c7b00000, 0x00000000eab00000)
  object space 125952K, 62% used [0x00000000c0000000,0x00000000c4d4c900,0x00000000c7b00000)
 Metaspace       used 63045K, capacity 67306K, committed 67416K, reserved 1105920K
  class space    used 8541K, capacity 10006K, committed 10112K, reserved 1048576K
GC Heap History (10 events):
Event: 391.862 GC heap before
{Heap before GC invocations=16 (full 3):
 PSYoungGen      total 181248K, used 181217K [0x00000000eab00000, 0x00000000f7480000, 0x0000000100000000)
  eden space 162304K, 100% used [0x00000000eab00000,0x00000000f4980000,0x00000000f4980000)
  from space 18944K, 99% used [0x00000000f6100000,0x00000000f7378570,0x00000000f7380000)
  to   space 22016K, 0% used [0x00000000f4980000,0x00000000f4980000,0x00000000f5f00000)
 ParOldGen       total 125952K, used 38235K [0x00000000c0000000, 0x00000000c7b00000, 0x00000000eab00000)
  object space 125952K, 30% used [0x00000000c0000000,0x00000000c2556ef0,0x00000000c7b00000)
 Metaspace       used 47607K, capacity 49956K, committed 50008K, reserved 1091584K
  class space    used 6421K, capacity 7273K, committed 7296K, reserved 1048576K
Event: 391.884 GC heap after
Heap after GC invocations=16 (full 3):
 PSYoungGen      total 184320K, used 21985K [0x00000000eab00000, 0x00000000f9e00000, 0x0000000100000000)
  eden space 162304K, 0% used [0x00000000eab00000,0x00000000eab00000,0x00000000f4980000)
  from space 22016K, 99% used [0x00000000f4980000,0x00000000f5ef8698,0x00000000f5f00000)
  to   space 28672K, 0% used [0x00000000f8200000,0x00000000f8200000,0x00000000f9e00000)
 ParOldGen       total 125952K, used 47387K [0x00000000c0000000, 0x00000000c7b00000, 0x00000000eab00000)
  object space 125952K, 37% used [0x00000000c0000000,0x00000000c2e46eb8,0x00000000c7b00000)
 Metaspace       used 47607K, capacity 49956K, committed 50008K, reserved 1091584K
  class space    used 6421K, capacity 7273K, committed 7296K, reserved 1048576K
}
Event: 392.172 GC heap before
{Heap before GC invocations=17 (full 3):
 PSYoungGen      total 184320K, used 42805K [0x00000000eab00000, 0x00000000f9e00000, 0x0000000100000000)
  eden space 162304K, 12% used [0x00000000eab00000,0x00000000ebf54fc8,0x00000000f4980000)
  from space 22016K, 99% used [0x00000000f4980000,0x00000000f5ef8698,0x00000000f5f00000)
  to   space 28672K, 0% used [0x00000000f8200000,0x00000000f8200000,0x00000000f9e00000)
 ParOldGen       total 125952K, used 47387K [0x00000000c0000000, 0x00000000c7b00000, 0x00000000eab00000)
  object space 125952K, 37% used [0x00000000c0000000,0x00000000c2e46eb8,0x00000000c7b00000)
 Metaspace       used 48484K, capacity 50910K, committed 51160K, reserved 1093632K
  class space    used 6564K, capacity 7420K, committed 7424K, reserved 1048576K
Event: 392.195 GC heap after
Heap after GC invocations=17 (full 3):
 PSYoungGen      total 220160K, used 1361K [0x00000000eab00000, 0x00000000f9e00000, 0x0000000100000000)
  eden space 191488K, 0% used [0x00000000eab00000,0x00000000eab00000,0x00000000f6600000)
  from space 28672K, 4% used [0x00000000f8200000,0x00000000f83544d0,0x00000000f9e00000)
  to   space 28672K, 0% used [0x00000000f6600000,0x00000000f6600000,0x00000000f8200000)
 ParOldGen       total 125952K, used 67027K [0x00000000c0000000, 0x00000000c7b00000, 0x00000000eab00000)
  object space 125952K, 53% used [0x00000000c0000000,0x00000000c4174ef0,0x00000000c7b00000)
 Metaspace       used 48484K, capacity 50910K, committed 51160K, reserved 1093632K
  class space    used 6564K, capacity 7420K, committed 7424K, reserved 1048576K
}
Event: 392.195 GC heap before
{Heap before GC invocations=18 (full 4):
 PSYoungGen      total 220160K, used 1361K [0x00000000eab00000, 0x00000000f9e00000, 0x0000000100000000)
  eden space 191488K, 0% used [0x00000000eab00000,0x00000000eab00000,0x00000000f6600000)
  from space 28672K, 4% used [0x00000000f8200000,0x00000000f83544d0,0x00000000f9e00000)
  to   space 28672K, 0% used [0x00000000f6600000,0x00000000f6600000,0x00000000f8200000)
 ParOldGen       total 125952K, used 67027K [0x00000000c0000000, 0x00000000c7b00000, 0x00000000eab00000)
  object space 125952K, 53% used [0x00000000c0000000,0x00000000c4174ef0,0x00000000c7b00000)
 Metaspace       used 48484K, capacity 50910K, committed 51160K, reserved 1093632K
  class space    used 6564K, capacity 7420K, committed 7424K, reserved 1048576K
Event: 392.924 GC heap after
Heap after GC invocations=18 (full 4):
 PSYoungGen      total 220160K, used 0K [0x00000000eab00000, 0x00000000f9e00000, 0x0000000100000000)
  eden space 191488K, 0% used [0x00000000eab00000,0x00000000eab00000,0x00000000f6600000)
  from space 28672K, 0% used [0x00000000f8200000,0x00000000f8200000,0x00000000f9e00000)
  to   space 28672K, 0% used [0x00000000f6600000,0x00000000f6600000,0x00000000f8200000)
 ParOldGen       total 125952K, used 64811K [0x00000000c0000000, 0x00000000c7b00000, 0x00000000eab00000)
  object space 125952K, 51% used [0x00000000c0000000,0x00000000c3f4af18,0x00000000c7b00000)
 Metaspace       used 48484K, capacity 50910K, committed 51160K, reserved 1093632K
  class space    used 6564K, capacity 7420K, committed 7424K, reserved 1048576K
}
Event: 434.425 GC heap before
{Heap before GC invocations=19 (full 4):
 PSYoungGen      total 220160K, used 191488K [0x00000000eab00000, 0x00000000f9e00000, 0x0000000100000000)
  eden space 191488K, 100% used [0x00000000eab00000,0x00000000f6600000,0x00000000f6600000)
  from space 28672K, 0% used [0x00000000f8200000,0x00000000f8200000,0x00000000f9e00000)
  to   space 28672K, 0% used [0x00000000f6600000,0x00000000f6600000,0x00000000f8200000)
 ParOldGen       total 125952K, used 64811K [0x00000000c0000000, 0x00000000c7b00000, 0x00000000eab00000)
  object space 125952K, 51% used [0x00000000c0000000,0x00000000c3f4af18,0x00000000c7b00000)
 Metaspace       used 54283K, capacity 57286K, committed 57560K, reserved 1097728K
  class space    used 7359K, capacity 8416K, committed 8448K, reserved 1048576K
Event: 434.451 GC heap after
Heap after GC invocations=19 (full 4):
 PSYoungGen      total 220160K, used 26015K [0x00000000eab00000, 0x00000000f9e00000, 0x0000000100000000)
  eden space 191488K, 0% used [0x00000000eab00000,0x00000000eab00000,0x00000000f6600000)
  from space 28672K, 90% used [0x00000000f6600000,0x00000000f7f67dd0,0x00000000f8200000)
  to   space 28672K, 0% used [0x00000000f8200000,0x00000000f8200000,0x00000000f9e00000)
 ParOldGen       total 125952K, used 64819K [0x00000000c0000000, 0x00000000c7b00000, 0x00000000eab00000)
  object space 125952K, 51% used [0x00000000c0000000,0x00000000c3f4cf18,0x00000000c7b00000)
 Metaspace       used 54283K, capacity 57286K, committed 57560K, reserved 1097728K
  class space    used 7359K, capacity 8416K, committed 8448K, reserved 1048576K
}
Event: 469.594 GC heap before
{Heap before GC invocations=20 (full 4):
 PSYoungGen      total 220160K, used 217503K [0x00000000eab00000, 0x00000000f9e00000, 0x0000000100000000)
  eden space 191488K, 100% used [0x00000000eab00000,0x00000000f6600000,0x00000000f6600000)
  from space 28672K, 90% used [0x00000000f6600000,0x00000000f7f67dd0,0x00000000f8200000)
  to   space 28672K, 0% used [0x00000000f8200000,0x00000000f8200000,0x00000000f9e00000)
 ParOldGen       total 125952K, used 64819K [0x00000000c0000000, 0x00000000c7b00000, 0x00000000eab00000)
  object space 125952K, 51% used [0x00000000c0000000,0x00000000c3f4cf18,0x00000000c7b00000)
 Metaspace       used 60323K, capacity 64032K, committed 64344K, reserved 1103872K
  class space    used 8202K, capacity 9491K, committed 9600K, reserved 1048576K
Event: 469.619 GC heap after
Heap after GC invocations=20 (full 4):
 PSYoungGen      total 220160K, used 28640K [0x00000000eab00000, 0x00000000f9e00000, 0x0000000100000000)
  eden space 191488K, 0% used [0x00000000eab00000,0x00000000eab00000,0x00000000f6600000)
  from space 28672K, 99% used [0x00000000f8200000,0x00000000f9df8010,0x00000000f9e00000)
  to   space 28672K, 0% used [0x00000000f6600000,0x00000000f6600000,0x00000000f8200000)
 ParOldGen       total 125952K, used 79154K [0x00000000c0000000, 0x00000000c7b00000, 0x00000000eab00000)
  object space 125952K, 62% used [0x00000000c0000000,0x00000000c4d4c900,0x00000000c7b00000)
 Metaspace       used 60323K, capacity 64032K, committed 64344K, reserved 1103872K
  class space    used 8202K, capacity 9491K, committed 9600K, reserved 1048576K
}

